<?xml version="1.0" encoding="UTF-8"?>
<!-- Generated by org.testng.reporters.JUnitXMLReporter -->
<testsuite hostname="LAPTOP-4TNPC4AC" ignored="0" name="Test" tests="3" failures="0" timestamp="04 Nov 2020 13:50:13 GMT" time="201.28" errors="0">
  <testcase name="registerToShop" time="99.144" classname="E2E.Appium_Framework.EcommerceE2E"/>
  <testcase name="basicTest" time="55.609" classname="E2E.Appium_Framework.apiDemo"/>
  <testcase name="basicTest" time="40.378" classname="E2E.Appium_Framework.apiDemo"/>
</testsuite> <!-- Test -->
