<?xml version="1.0" encoding="UTF-8"?>
<!-- Generated by org.testng.reporters.JUnitXMLReporter -->
<testsuite hostname="LAPTOP-4TNPC4AC" ignored="0" name="Test" tests="3" failures="0" timestamp="11 Nov 2020 15:57:14 GMT" time="634.629" errors="0">
  <testcase name="registerToShop" time="233.754" classname="E2E.Appium_Framework.EcommerceE2E"/>
  <testcase name="basicTest" time="223.589" classname="E2E.Appium_Framework.apiDemo"/>
  <testcase name="basicTest" time="168.006" classname="E2E.Appium_Framework.apiDemo"/>
</testsuite> <!-- Test -->
