<?xml version="1.0" encoding="UTF-8"?>
<!-- Generated by org.testng.reporters.JUnitXMLReporter -->
<testsuite hostname="LAPTOP-4TNPC4AC" ignored="0" name="Test" tests="3" failures="0" timestamp="05 Nov 2020 11:08:05 GMT" time="395.767" errors="0">
  <testcase name="registerToShop" time="177.233" classname="E2E.Appium_Framework.EcommerceE2E"/>
  <testcase name="basicTest" time="123.16" classname="E2E.Appium_Framework.apiDemo"/>
  <testcase name="basicTest" time="89.21" classname="E2E.Appium_Framework.apiDemo"/>
</testsuite> <!-- Test -->
