<?xml version="1.0" encoding="UTF-8"?>
<testng-results skipped="0" failed="0" ignored="0" total="3" passed="3">
  <reporter-output>
  </reporter-output>
  <suite name="Suite" duration-ms="634629" started-at="2020-11-11T15:46:39Z" finished-at="2020-11-11T15:57:14Z">
    <groups>
    </groups>
    <test name="Test" duration-ms="634629" started-at="2020-11-11T15:46:39Z" finished-at="2020-11-11T15:57:14Z">
      <class name="E2E.Appium_Framework.EcommerceE2E">
        <test-method status="PASS" signature="killAllNodes()[pri:0, instance:E2E.Appium_Framework.EcommerceE2E@47c62251]" name="killAllNodes" is-config="true" duration-ms="6136" started-at="2020-11-11T15:46:39Z" finished-at="2020-11-11T15:46:45Z">
          <reporter-output>
          </reporter-output>
        </test-method> <!-- killAllNodes -->
        <test-method status="PASS" signature="killAllNodes()[pri:0, instance:E2E.Appium_Framework.apiDemo@3e6fa38a]" name="killAllNodes" is-config="true" duration-ms="3022" started-at="2020-11-11T15:46:45Z" finished-at="2020-11-11T15:46:48Z">
          <reporter-output>
          </reporter-output>
        </test-method> <!-- killAllNodes -->
        <test-method status="PASS" signature="registerToShop()[pri:0, instance:E2E.Appium_Framework.EcommerceE2E@47c62251]" name="registerToShop" duration-ms="233754" started-at="2020-11-11T15:46:48Z" description="As a user I want to register before I begin to shop" finished-at="2020-11-11T15:50:42Z">
          <reporter-output>
          </reporter-output>
        </test-method> <!-- registerToShop -->
      </class> <!-- E2E.Appium_Framework.EcommerceE2E -->
      <class name="E2E.Appium_Framework.apiDemo">
        <test-method status="PASS" signature="basicTest(java.lang.String)[pri:0, instance:E2E.Appium_Framework.apiDemo@3e6fa38a]" name="basicTest" duration-ms="223589" started-at="2020-11-11T15:50:42Z" data-provider="InputData" finished-at="2020-11-11T15:54:26Z">
          <params>
            <param index="0">
              <value>
                <![CDATA[Jonathan]]>
              </value>
            </param>
          </params>
          <reporter-output>
          </reporter-output>
        </test-method> <!-- basicTest -->
        <test-method status="PASS" signature="basicTest(java.lang.String)[pri:0, instance:E2E.Appium_Framework.apiDemo@3e6fa38a]" name="basicTest" duration-ms="168006" started-at="2020-11-11T15:54:26Z" data-provider="InputData" finished-at="2020-11-11T15:57:14Z">
          <params>
            <param index="0">
              <value>
                <![CDATA[Ethern]]>
              </value>
            </param>
          </params>
          <reporter-output>
          </reporter-output>
        </test-method> <!-- basicTest -->
      </class> <!-- E2E.Appium_Framework.apiDemo -->
    </test> <!-- Test -->
  </suite> <!-- Suite -->
</testng-results>
