<?xml version="1.0" encoding="UTF-8"?>
<testng-results skipped="0" failed="0" ignored="0" total="3" passed="3">
  <reporter-output>
  </reporter-output>
  <suite name="Suite" duration-ms="395767" started-at="2020-11-05T11:01:29Z" finished-at="2020-11-05T11:08:05Z">
    <groups>
    </groups>
    <test name="Test" duration-ms="395767" started-at="2020-11-05T11:01:29Z" finished-at="2020-11-05T11:08:05Z">
      <class name="E2E.Appium_Framework.EcommerceE2E">
        <test-method status="PASS" signature="killAllNodes()[pri:0, instance:E2E.Appium_Framework.EcommerceE2E@47c62251]" name="killAllNodes" is-config="true" duration-ms="3035" started-at="2020-11-05T11:01:29Z" finished-at="2020-11-05T11:01:32Z">
          <reporter-output>
          </reporter-output>
        </test-method> <!-- killAllNodes -->
        <test-method status="PASS" signature="killAllNodes()[pri:0, instance:E2E.Appium_Framework.apiDemo@3e6fa38a]" name="killAllNodes" is-config="true" duration-ms="3015" started-at="2020-11-05T11:01:32Z" finished-at="2020-11-05T11:01:35Z">
          <reporter-output>
          </reporter-output>
        </test-method> <!-- killAllNodes -->
        <test-method status="PASS" signature="registerToShop()[pri:0, instance:E2E.Appium_Framework.EcommerceE2E@47c62251]" name="registerToShop" duration-ms="177233" started-at="2020-11-05T11:01:35Z" description="As a user I want to register before I begin to shop" finished-at="2020-11-05T11:04:33Z">
          <reporter-output>
          </reporter-output>
        </test-method> <!-- registerToShop -->
      </class> <!-- E2E.Appium_Framework.EcommerceE2E -->
      <class name="E2E.Appium_Framework.apiDemo">
        <test-method status="PASS" signature="basicTest(java.lang.String)[pri:0, instance:E2E.Appium_Framework.apiDemo@3e6fa38a]" name="basicTest" duration-ms="123160" started-at="2020-11-05T11:04:33Z" data-provider="InputData" finished-at="2020-11-05T11:06:36Z">
          <params>
            <param index="0">
              <value>
                <![CDATA[Jonathan]]>
              </value>
            </param>
          </params>
          <reporter-output>
          </reporter-output>
        </test-method> <!-- basicTest -->
        <test-method status="PASS" signature="basicTest(java.lang.String)[pri:0, instance:E2E.Appium_Framework.apiDemo@3e6fa38a]" name="basicTest" duration-ms="89210" started-at="2020-11-05T11:06:36Z" data-provider="InputData" finished-at="2020-11-05T11:08:05Z">
          <params>
            <param index="0">
              <value>
                <![CDATA[Ethern]]>
              </value>
            </param>
          </params>
          <reporter-output>
          </reporter-output>
        </test-method> <!-- basicTest -->
      </class> <!-- E2E.Appium_Framework.apiDemo -->
    </test> <!-- Test -->
  </suite> <!-- Suite -->
</testng-results>
